2024-05-26T21:34:50+00:00 ERROR Message: 400 BAD_REQUEST "400 BAD_REQUEST "GET to Users Vault API fail"" \n\n\nStackstrace: #0 C:\Users\melqu\Local Sites\ataide-shoes\app\public\wp-content\plugins\woocommerce-mercadopago\packages\sdk\src\Common\AbstractEntity.php(218): MercadoPago\PP\Sdk\Common\Manager->handleResponse(Object(MercadoPago\PP\Sdk\HttpClient\Response), 'post')
#1 C:\Users\melqu\Local Sites\ataide-shoes\app\public\wp-content\plugins\woocommerce-mercadopago\packages\sdk\src\Entity\Payment\Payment.php(363): MercadoPago\PP\Sdk\Common\AbstractEntity->save()
#2 C:\Users\melqu\Local Sites\ataide-shoes\app\public\wp-content\plugins\woocommerce-mercadopago\src\Transactions\AbstractPaymentTransaction.php(37): MercadoPago\PP\Sdk\Entity\Payment\Payment->save()
#3 C:\Users\melqu\Local Sites\ataide-shoes\app\public\wp-content\plugins\woocommerce-mercadopago\src\Gateways\CustomGateway.php(427): MercadoPago\Woocommerce\Transactions\AbstractPaymentTransaction->createPayment()
#4 C:\Users\melqu\Local Sites\ataide-shoes\app\public\wp-content\plugins\woocommerce\includes\class-wc-checkout.php(1062): MercadoPago\Woocommerce\Gateways\CustomGateway->process_payment(528)
#5 C:\Users\melqu\Local Sites\ataide-shoes\app\public\wp-content\plugins\woocommerce\includes\class-wc-checkout.php(1293): WC_Checkout->process_order_payment(528, 'woo-mercado-pag...')
#6 C:\Users\melqu\Local Sites\ataide-shoes\app\public\wp-content\plugins\woocommerce\includes\class-wc-ajax.php(520): WC_Checkout->process_checkout()
#7 C:\Users\melqu\Local Sites\ataide-shoes\app\public\wp-includes\class-wp-hook.php(324): WC_AJAX::checkout('')
#8 C:\Users\melqu\Local Sites\ataide-shoes\app\public\wp-includes\class-wp-hook.php(348): WP_Hook->apply_filters('', Array)
#9 C:\Users\melqu\Local Sites\ataide-shoes\app\public\wp-includes\plugin.php(517): WP_Hook->do_action(Array)
#10 C:\Users\melqu\Local Sites\ataide-shoes\app\public\wp-content\plugins\woocommerce\includes\class-wc-ajax.php(96): do_action('wc_ajax_checkou...')
#11 C:\Users\melqu\Local Sites\ataide-shoes\app\public\wp-includes\class-wp-hook.php(324): WC_AJAX::do_wc_ajax('')
#12 C:\Users\melqu\Local Sites\ataide-shoes\app\public\wp-includes\class-wp-hook.php(348): WP_Hook->apply_filters(false, Array)
#13 C:\Users\melqu\Local Sites\ataide-shoes\app\public\wp-includes\plugin.php(517): WP_Hook->do_action(Array)
#14 C:\Users\melqu\Local Sites\ataide-shoes\app\public\wp-includes\template-loader.php(13): do_action('template_redire...')
#15 C:\Users\melqu\Local Sites\ataide-shoes\app\public\wp-blog-header.php(19): require_once('C:\\Users\\melqu\\...')
#16 C:\Users\melqu\Local Sites\ataide-shoes\app\public\index.php(17): require('C:\\Users\\melqu\\...')
#17 {main} \n\n\n - Context: {
    "\u0000*\u0000id": 528,
    "\u0000*\u0000data": {
        "parent_id": 0,
        "status": "pending",
        "currency": "BRL",
        "version": "8.9.1",
        "prices_include_tax": false,
        "date_created": {
            "date": "2024-05-26 21:34:48.000000",
            "timezone_type": 1,
            "timezone": "+00:00"
        },
        "date_modified": {
            "date": "2024-05-26 21:34:49.000000",
            "timezone_type": 1,
            "timezone": "+00:00"
        },
        "discount_total": "0",
        "discount_tax": "0",
        "shipping_total": "0",
        "shipping_tax": "0",
        "cart_tax": "0",
        "total": "217.91",
        "total_tax": "0",
        "customer_id": 1,
        "order_key": "wc_order_oMuHBEp92farf",
        "billing": {
            "first_name": "Melquisedeque",
            "last_name": "Ataide",
            "company": "",
            "address_1": "2 travessa Nova Vida",
            "address_2": "",
            "city": "Maceió",
            "state": "AL",
            "postcode": "57071-428",
            "country": "BR",
            "email": "melqueataide@gmail.com",
            "phone": "82998061612"
        },
        "shipping": {
            "first_name": "Melquisedeque",
            "last_name": "Ataide",
            "company": "",
            "address_1": "2 travessa Nova Vida",
            "address_2": "",
            "city": "Maceió",
            "state": "AL",
            "postcode": "57071-428",
            "country": "BR",
            "phone": ""
        },
        "payment_method": "woo-mercado-pago-custom",
        "payment_method_title": "Cartão de crédito e débito",
        "transaction_id": "",
        "customer_ip_address": "::1",
        "customer_user_agent": "Mozilla\/5.0 (Windows NT 10.0; Win64; x64) AppleWebKit\/537.36 (KHTML, like Gecko) Chrome\/125.0.0.0 Safari\/537.36 Edg\/125.0.0.0",
        "created_via": "checkout",
        "customer_note": "",
        "date_completed": null,
        "date_paid": null,
        "cart_hash": "aba6a28e1ee28c8089d923231ba36983",
        "order_stock_reduced": false,
        "download_permissions_granted": false,
        "new_order_email_sent": false,
        "recorded_sales": false,
        "recorded_coupon_usage_counts": false
    },
    "\u0000*\u0000changes": [],
    "\u0000*\u0000object_read": true,
    "\u0000*\u0000object_type": "order",
    "\u0000*\u0000extra_data": [],
    "\u0000*\u0000default_data": {
        "parent_id": 0,
        "status": "",
        "currency": "",
        "version": "",
        "prices_include_tax": false,
        "date_created": null,
        "date_modified": null,
        "discount_total": 0,
        "discount_tax": 0,
        "shipping_total": 0,
        "shipping_tax": 0,
        "cart_tax": 0,
        "total": 0,
        "total_tax": 0,
        "customer_id": 0,
        "order_key": "",
        "billing": {
            "first_name": "",
            "last_name": "",
            "company": "",
            "address_1": "",
            "address_2": "",
            "city": "",
            "state": "",
            "postcode": "",
            "country": "",
            "email": "",
            "phone": ""
        },
        "shipping": {
            "first_name": "",
            "last_name": "",
            "company": "",
            "address_1": "",
            "address_2": "",
            "city": "",
            "state": "",
            "postcode": "",
            "country": "",
            "phone": ""
        },
        "payment_method": "",
        "payment_method_title": "",
        "transaction_id": "",
        "customer_ip_address": "",
        "customer_user_agent": "",
        "created_via": "",
        "customer_note": "",
        "date_completed": null,
        "date_paid": null,
        "cart_hash": "",
        "order_stock_reduced": false,
        "download_permissions_granted": false,
        "new_order_email_sent": false,
        "recorded_sales": false,
        "recorded_coupon_usage_counts": false
    },
    "\u0000*\u0000data_store": {},
    "\u0000*\u0000cache_group": "orders",
    "\u0000*\u0000meta_data": [
        {
            "id": 16,
            "key": "_billing_address_index",
            "value": "Melquisedeque Ataide  2 travessa Nova Vida  Maceió AL 57071-428 BR melqueataide@gmail.com 82998061612"
        },
        {
            "id": 17,
            "key": "_shipping_address_index",
            "value": "Melquisedeque Ataide  2 travessa Nova Vida  Maceió AL 57071-428 BR "
        },
        {
            "id": 26,
            "key": "_wc_order_attribution_device_type",
            "value": "Desktop"
        },
        {
            "id": 19,
            "key": "_wc_order_attribution_referrer",
            "value": "http:\/\/ataide-shoes.local\/wp-admin\/"
        },
        {
            "id": 24,
            "key": "_wc_order_attribution_session_count",
            "value": "3"
        },
        {
            "id": 21,
            "key": "_wc_order_attribution_session_entry",
            "value": "http:\/\/ataide-shoes.local\/"
        },
        {
            "id": 23,
            "key": "_wc_order_attribution_session_pages",
            "value": "7"
        },
        {
            "id": 22,
            "key": "_wc_order_attribution_session_start_time",
            "value": "2024-05-26 12:17:41"
        },
        {
            "id": 18,
            "key": "_wc_order_attribution_source_type",
            "value": "typein"
        },
        {
            "id": 25,
            "key": "_wc_order_attribution_user_agent",
            "value": "Mozilla\/5.0 (Windows NT 10.0; Win64; x64) AppleWebKit\/537.36 (KHTML, like Gecko) Chrome\/125.0.0.0 Safari\/537.36 Edg\/125.0.0.0"
        },
        {
            "id": 20,
            "key": "_wc_order_attribution_utm_source",
            "value": "(direct)"
        },
        {
            "id": 15,
            "key": "is_vat_exempt",
            "value": "no"
        },
        {
            "key": "blocks_payment",
            "value": "no",
            "id": 27
        }
    ],
    "\u0000*\u0000legacy_datastore_props": [
        "_recorded_sales",
        "_recorded_coupon_usage_counts",
        "_download_permissions_granted",
        "_order_stock_reduced",
        "_new_order_email_sent"
    ],
    "\u0000*\u0000items": {
        "line_items": {
            "5": {
                "legacy_values": null,
                "legacy_cart_item_key": null,
                "legacy_package_key": null
            },
            "6": {
                "legacy_values": null,
                "legacy_cart_item_key": null,
                "legacy_package_key": null
            }
        },
        "tax_lines": [],
        "shipping_lines": [],
        "fee_lines": [],
        "coupon_lines": []
    },
    "\u0000*\u0000items_to_delete": [],
    "\u0000*\u0000data_store_name": "order",
    "\u0000*\u0000status_transition": false,
    "refunds": null,
    "\u0000*\u0000refunded_line_items": null,
    "customer_id": null
}
