2024-05-25T13:34:33+00:00 DEBUG POST: https://ads.tiktok.com/marketing_api/api/developer/app/create_auto_approve/

{"business_platform":"PROD","smb_id":"tt4b_woocommerce_6651e8e8ef8cdhttpataide-shoeslocalwp-admin","smb_name":"PROD","redirect_url":"http:\/\/ataide-shoes.local\/wp-admin\/"}
 ajax: no
2024-05-25T13:34:33+00:00 DEBUG Tt4b_Mapi_Class::create_open_source_app: Response: 

HTTP/1.1 200 OK
Content-Type: application/json
X-Tt-Logid: 202405251334326457760C3C39A8700E40,202405251334326457760C3C39A8700E40
Strict-Transport-Security: max-age=31536000; includeSubDomains
Server-Timing: inner; dur=154
x-tt-trace-host: 013610896708bc400977da6f0c5fe034cd00a5d311ccb9281b7e7955e3ea6ecb6095fe56c1eaf42025d12c10bec2fa7b0ec267f3f9563e2c5de74d70123402f2afdd9027464fc088a23fa5b684fcef487b7d510885a18fd222328e03cc104c2f73
x-tt-trace-id: 00-2405251334326457760C3C39A8700E40-12EAB52F414F1D99-00
Server: TLB
Content-Encoding: gzip
Date: Sat, 25 May 2024 13:34:33 GMT
Content-Length: 207
X-Cache: TCP_MISS from a23-46-18-168.deploy.akamaitechnologies.com (AkamaiGHost/11.5.0.1-56208139) (-)
Connection: close
Vary: Accept-Encoding
x-tt-trace-tag: id=16;cdn-cache=miss;type=dyn
Server-Timing: cdn-cache; desc=MISS, edge; dur=3, origin; dur=452
X-Origin-Response-Time: 452,23.46.18.168
X-Akamai-Request-ID: 731c413e

{"code":0,"msg":"ok","data":{"app_secret":"ae4f89cb8eeb86a336eb75a3dd8921d47b439c38","redirect_uri":"http:\/\/ataide-shoes.local\/wp-admin\/","external_data_key":"a975357f-f113-432a-af34-74b71dcc867b","app_id":"7372930153460006928"}}

2024-05-25T15:09:04+00:00 DEBUG tt4b_product_delete: missing access token for tt4b_product_sync
2024-05-25T15:09:04+00:00 DEBUG tt4b_product_delete: missing access token for tt4b_product_sync
2024-05-25T15:11:54+00:00 DEBUG Tt4b_Pixel_Class::inject_view_content_event: hit ViewContent
2024-05-25T15:11:54+00:00 DEBUG Tt4b_Pixel_Class::inject_view_content_event: Missing option "access_token"
2024-05-25T15:13:41+00:00 DEBUG Tt4b_Pixel_Class::inject_view_content_event: hit ViewContent
2024-05-25T15:13:41+00:00 DEBUG Tt4b_Pixel_Class::inject_view_content_event: Missing option "access_token"
2024-05-25T15:17:03+00:00 DEBUG Tt4b_Pixel_Class::inject_view_content_event: hit ViewContent
2024-05-25T15:17:03+00:00 DEBUG Tt4b_Pixel_Class::inject_view_content_event: Missing option "access_token"
2024-05-25T16:39:49+00:00 DEBUG Tt4b_Pixel_Class::inject_view_content_event: hit ViewContent
2024-05-25T16:39:49+00:00 DEBUG Tt4b_Pixel_Class::inject_view_content_event: Missing option "access_token"
2024-05-25T16:40:11+00:00 DEBUG Tt4b_Pixel_Class::inject_add_to_cart_event: hit AddToCart
2024-05-25T16:40:11+00:00 DEBUG Tt4b_Pixel_Class::inject_add_to_cart_event: Missing option "access_token"
2024-05-25T16:40:11+00:00 DEBUG Tt4b_Pixel_Class::inject_view_content_event: hit ViewContent
2024-05-25T16:40:11+00:00 DEBUG Tt4b_Pixel_Class::inject_view_content_event: Missing option "access_token"
2024-05-25T22:46:45+00:00 DEBUG Tt4b_Pixel_Class::inject_view_content_event: hit ViewContent
2024-05-25T22:46:45+00:00 DEBUG Tt4b_Pixel_Class::inject_view_content_event: Missing option "access_token"
2024-05-25T22:47:25+00:00 DEBUG Tt4b_Pixel_Class::inject_view_content_event: hit ViewContent
2024-05-25T22:47:25+00:00 DEBUG Tt4b_Pixel_Class::inject_view_content_event: Missing option "access_token"
2024-05-25T22:47:43+00:00 DEBUG Tt4b_Pixel_Class::inject_view_content_event: hit ViewContent
2024-05-25T22:47:43+00:00 DEBUG Tt4b_Pixel_Class::inject_view_content_event: Missing option "access_token"
